[debug] [2017-12-13T22:34:21.314Z] ----------------------------------------------------------------------
[debug] [2017-12-13T22:34:21.316Z] Command:       C:\Program Files\nodejs\node.exe C:\Users\doug\AppData\Roaming\npm\node_modules\firebase-tools\bin\firebase serve --only functions
[debug] [2017-12-13T22:34:21.317Z] CLI Version:   3.15.2
[debug] [2017-12-13T22:34:21.317Z] Platform:      win32
[debug] [2017-12-13T22:34:21.317Z] Node Version:  v8.9.1
[debug] [2017-12-13T22:34:21.317Z] Time:          Wed Dec 13 2017 17:34:21 GMT-0500 (Eastern Standard Time)
[debug] [2017-12-13T22:34:21.317Z] ----------------------------------------------------------------------
[debug] 
[debug] [2017-12-13T22:34:21.332Z] > command requires scopes: ["email","openid","https://www.googleapis.com/auth/cloudplatformprojects.readonly","https://www.googleapis.com/auth/firebase","https://www.googleapis.com/auth/cloud-platform"]
[debug] [2017-12-13T22:34:21.332Z] > authorizing via signed-in user
[debug] [2017-12-13T22:34:21.334Z] > refreshing access token with scopes: ["email","https://www.googleapis.com/auth/cloud-platform","https://www.googleapis.com/auth/cloudplatformprojects.readonly","https://www.googleapis.com/auth/firebase","openid"]
[debug] [2017-12-13T22:34:21.334Z] >>> HTTP REQUEST POST https://www.googleapis.com/oauth2/v3/token { refresh_token: '1/2X3wYJZSEKXo5JEQpC30fzzkjfEWnrb476meo0s3ijM',
  client_id: '563584335869-fgrhgmd47bqnekij5i8b5pr03ho849e6.apps.googleusercontent.com',
  client_secret: 'j9iVZfS8kkCEFUPaAeJV0sAi',
  grant_type: 'refresh_token',
  scope: 'email https://www.googleapis.com/auth/cloud-platform https://www.googleapis.com/auth/cloudplatformprojects.readonly https://www.googleapis.com/auth/firebase openid' } 
 Wed Dec 13 2017 17:34:21 GMT-0500 (Eastern Standard Time)
[debug] [2017-12-13T22:34:21.586Z] <<< HTTP RESPONSE 200
[debug] [2017-12-13T22:34:21.602Z] >>> HTTP REQUEST GET https://admin.firebase.com/v1/projects/collabspace-920f6  
 Wed Dec 13 2017 17:34:21 GMT-0500 (Eastern Standard Time)
[debug] [2017-12-13T22:34:22.127Z] <<< HTTP RESPONSE 200
[debug] [2017-12-13T22:34:22.127Z] >>> HTTP REQUEST GET https://admin.firebase.com/v1/database/collabspace-920f6/tokens  
 Wed Dec 13 2017 17:34:22 GMT-0500 (Eastern Standard Time)
[debug] [2017-12-13T22:34:22.640Z] <<< HTTP RESPONSE 200
[info] 
[info] === Serving from 'C:\Users\doug\Desktop\zoopdoop\contracting\concord\projects\workspaces\collabspace'...
[info] 
[info] i  functions: Preparing to emulate functions.
[debug] [2017-12-13T22:34:23.469Z] >>> HTTP REQUEST GET https://appengine.googleapis.com/v1/apps/collabspace-920f6  
 Wed Dec 13 2017 17:34:23 GMT-0500 (Eastern Standard Time)
[debug] [2017-12-13T22:34:23.470Z] >>> HTTP REQUEST GET https://apikeys.googleapis.com/v1/projects/collabspace-920f6/apiKeys  
 Wed Dec 13 2017 17:34:23 GMT-0500 (Eastern Standard Time)
[debug] [2017-12-13T22:34:23.929Z] <<< HTTP RESPONSE 200
[debug] [2017-12-13T22:34:23.953Z] <<< HTTP RESPONSE 200
[info] +  functions: demoGetFakePortalJWT: http://localhost:5000/collabspace-920f6/us-central1/demoGetFakePortalJWT
[info] +  functions: demoGetFakeClassInfo: http://localhost:5000/collabspace-920f6/us-central1/demoGetFakeClassInfo
[info] +  functions: demoGetFakeFirebaseJWT: http://localhost:5000/collabspace-920f6/us-central1/demoGetFakeFirebaseJWT
[info] +  functions: demoGetFakeOffering: http://localhost:5000/collabspace-920f6/us-central1/demoGetFakeOffering
